This file contains any messages produced by compilers while
running configure, to aid debugging if configure makes a mistake.

It was created by configure, which was
generated by GNU Autoconf 2.63.  Invocation command line was

  $ ./configure 

## --------- ##
## Platform. ##
## --------- ##

hostname = cognac.local
uname -m = x86_64
uname -r = 16.6.0
uname -s = Darwin
uname -v = Darwin Kernel Version 16.6.0: Fri Apr 14 16:21:16 PDT 2017; root:xnu-3789.60.24~6/RELEASE_X86_64

/usr/bin/uname -p = i386
/bin/uname -X     = unknown

/bin/arch              = unknown
/usr/bin/arch -k       = unknown
/usr/convex/getsysinfo = unknown
/usr/bin/hostinfo      = Mach kernel version:
	 Darwin Kernel Version 16.6.0: Fri Apr 14 16:21:16 PDT 2017; root:xnu-3789.60.24~6/RELEASE_X86_64
Kernel configured for up to 8 processors.
4 processors are physically available.
8 processors are logically available.
Processor type: x86_64h (Intel x86-64h Haswell)
Processors active: 0 1 2 3 4 5 6 7
Primary memory available: 16.00 gigabytes
Default processor set: 378 tasks, 1569 threads, 8 processors
Load average: 2.01, Mach factor: 5.98
/bin/machine           = unknown
/usr/bin/oslevel       = unknown
/bin/universe          = unknown

PATH: /usr/local/cuda/bin
PATH: .
PATH: .
PATH: /usr/local/sbin
PATH: /usr/local/bin
PATH: /usr/local
PATH: /usr/bin
PATH: /bin
PATH: /usr/sbin
PATH: /sbin
PATH: /usr/local/bin
PATH: /opt/X11/bin
PATH: /Library/TeX/texbin
PATH: /Users/leborgne/central/astro/models/pegase/PEGASE.HR/fork_optim/bin/x86_64-apple-darwin13.2.0
PATH: /Users/leborgne/mybin
PATH: /Users/leborgne/Yorick/yorick-2.1/yorick
PATH: /Applications/idl/itt/idl/bin
PATH: /usr/local/cuda/bin


## ----------- ##
## Core tests. ##
## ----------- ##

configure:1869: checking for uname
configure:1885: found /usr/bin/uname
configure:1897: result: 1
configure:1920: checking for cc
configure:1936: found /usr/bin/cc
configure:1947: result: cc
configure:2266: checking for C compiler version
configure:2274: cc --version >&5
Apple LLVM version 8.0.0 (clang-800.0.42.1)
Target: x86_64-apple-darwin16.6.0
Thread model: posix
InstalledDir: /Library/Developer/CommandLineTools/usr/bin
configure:2278: $? = 0
configure:2285: cc -v >&5
Apple LLVM version 8.0.0 (clang-800.0.42.1)
Target: x86_64-apple-darwin16.6.0
Thread model: posix
InstalledDir: /Library/Developer/CommandLineTools/usr/bin
configure:2289: $? = 0
configure:2296: cc -V >&5
clang: error: argument to '-V' is missing (expected 1 value)
clang: error: no input files
configure:2300: $? = 1
configure:2323: checking for C compiler default output file name
configure:2345: cc    conftest.c  >&5
configure:2349: $? = 0
configure:2387: result: a.out
configure:2406: checking whether the C compiler works
configure:2416: ./a.out
configure:2420: $? = 0
configure:2439: result: yes
configure:2446: checking whether we are cross compiling
configure:2448: result: no
configure:2451: checking for suffix of executables
configure:2458: cc -o conftest    conftest.c  >&5
configure:2462: $? = 0
configure:2488: result: 
configure:2494: checking for suffix of object files
configure:2520: cc -c   conftest.c >&5
configure:2524: $? = 0
configure:2549: result: o
configure:2553: checking whether we are using the GNU C compiler
configure:2582: cc -c   conftest.c >&5
configure:2589: $? = 0
configure:2606: result: yes
configure:2615: checking whether cc accepts -g
configure:2645: cc -c -g  conftest.c >&5
configure:2652: $? = 0
configure:2753: result: yes
configure:2770: checking for cc option to accept ISO C89
configure:2844: cc  -c -g -O2  conftest.c >&5
configure:2851: $? = 0
configure:2874: result: none needed
configure:2897: checking for f77
configure:2927: result: no
configure:2897: checking for g77
configure:2927: result: no
configure:2897: checking for g95
configure:2927: result: no
configure:2897: checking for gfortran
configure:2913: found /usr/local/bin/gfortran
configure:2924: result: gfortran
configure:3007: checking for ranlib
configure:3023: found /usr/bin/ranlib
configure:3034: result: ranlib
configure:3063: checking how to run the C preprocessor
configure:3103: cc -E  conftest.c
configure:3110: $? = 0
configure:3141: cc -E  conftest.c
conftest.c:8:10: fatal error: 'ac_nonexistent.h' file not found
#include <ac_nonexistent.h>
         ^
1 error generated.
configure:3148: $? = 1
configure: failed program was:
| /* confdefs.h.  */
| #define PACKAGE_NAME ""
| #define PACKAGE_TARNAME ""
| #define PACKAGE_VERSION ""
| #define PACKAGE_STRING ""
| #define PACKAGE_BUGREPORT ""
| /* end confdefs.h.  */
| #include <ac_nonexistent.h>
configure:3181: result: cc -E
configure:3210: cc -E  conftest.c
configure:3217: $? = 0
configure:3248: cc -E  conftest.c
conftest.c:8:10: fatal error: 'ac_nonexistent.h' file not found
#include <ac_nonexistent.h>
         ^
1 error generated.
configure:3255: $? = 1
configure: failed program was:
| /* confdefs.h.  */
| #define PACKAGE_NAME ""
| #define PACKAGE_TARNAME ""
| #define PACKAGE_VERSION ""
| #define PACKAGE_STRING ""
| #define PACKAGE_BUGREPORT ""
| /* end confdefs.h.  */
| #include <ac_nonexistent.h>
configure:3295: checking for grep that handles long lines and -e
configure:3355: result: /usr/bin/grep
configure:3360: checking for egrep
configure:3424: result: /usr/bin/grep -E
configure:3429: checking for ANSI C header files
configure:3459: cc -c -g -O2  conftest.c >&5
configure:3466: $? = 0
configure:3565: cc -o conftest -g -O2   conftest.c  >&5
configure:3569: $? = 0
configure:3575: ./conftest
configure:3579: $? = 0
configure:3597: result: yes
configure:3621: checking for sys/types.h
configure:3642: cc -c -g -O2  conftest.c >&5
configure:3649: $? = 0
configure:3666: result: yes
configure:3621: checking for sys/stat.h
configure:3642: cc -c -g -O2  conftest.c >&5
configure:3649: $? = 0
configure:3666: result: yes
configure:3621: checking for stdlib.h
configure:3642: cc -c -g -O2  conftest.c >&5
configure:3649: $? = 0
configure:3666: result: yes
configure:3621: checking for string.h
configure:3642: cc -c -g -O2  conftest.c >&5
configure:3649: $? = 0
configure:3666: result: yes
configure:3621: checking for memory.h
configure:3642: cc -c -g -O2  conftest.c >&5
configure:3649: $? = 0
configure:3666: result: yes
configure:3621: checking for strings.h
configure:3642: cc -c -g -O2  conftest.c >&5
configure:3649: $? = 0
configure:3666: result: yes
configure:3621: checking for inttypes.h
configure:3642: cc -c -g -O2  conftest.c >&5
configure:3649: $? = 0
configure:3666: result: yes
configure:3621: checking for stdint.h
configure:3642: cc -c -g -O2  conftest.c >&5
configure:3649: $? = 0
configure:3666: result: yes
configure:3621: checking for unistd.h
configure:3642: cc -c -g -O2  conftest.c >&5
configure:3649: $? = 0
configure:3666: result: yes
configure:3688: checking for stdlib.h
configure:3695: result: yes
configure:3688: checking for string.h
configure:3695: result: yes
configure:3699: checking math.h usability
configure:3716: cc -c -g -O2  conftest.c >&5
configure:3723: $? = 0
configure:3737: result: yes
configure:3741: checking math.h presence
configure:3756: cc -E  conftest.c
configure:3763: $? = 0
configure:3777: result: yes
configure:3805: checking for math.h
configure:3814: result: yes
configure:3699: checking limits.h usability
configure:3716: cc -c -g -O2  conftest.c >&5
configure:3723: $? = 0
configure:3737: result: yes
configure:3741: checking limits.h presence
configure:3756: cc -E  conftest.c
configure:3763: $? = 0
configure:3777: result: yes
configure:3805: checking for limits.h
configure:3814: result: yes
configure:3852: cc -c -g -O2  conftest.c >&5
configure:3859: $? = 0
configure:4072: checking "whether ftruncate works"
configure:4098: cc -o conftest -g -O2 -Dg77Fortran -fPIC -fno-common   conftest.c  >&5
configure:4105: $? = 0
configure:4118: result: "yes"
configure:4137: checking "whether long long is defined"
configure:4163: cc -c -g -O2 -Dg77Fortran -fPIC -fno-common  conftest.c >&5
configure:4170: $? = 0
configure:4180: result: "yes"
configure:4205: checking "whether system V style IPC services are supported"
configure:4236: cc -o conftest -g -O2 -Dg77Fortran -fPIC -fno-common   conftest.c  >&5
configure:4243: $? = 0
configure:4257: result: "yes"
configure:4278: checking "do we have flock_t defined in sys/fcntl.h"
configure:4304: cc -c -g -O2 -Dg77Fortran -fPIC -fno-common  conftest.c >&5
conftest.c:33:1: error: use of undeclared identifier 'flock_t'; did you mean 'flock'?
flock_t filler;
^~~~~~~
flock
/usr/include/sys/fcntl.h:511:5: note: 'flock' declared here
int     flock(int, int);
        ^
conftest.c:33:1: error: must use 'struct' tag to refer to type 'flock'
flock_t filler;
^
struct 
/usr/include/sys/fcntl.h:511:5: note: struct 'flock' is hidden by a non-type declaration of 'flock' here
int     flock(int, int);
        ^
2 errors generated.
configure:4311: $? = 1
configure: failed program was:
| /* confdefs.h.  */
| #define PACKAGE_NAME ""
| #define PACKAGE_TARNAME ""
| #define PACKAGE_VERSION ""
| #define PACKAGE_STRING ""
| #define PACKAGE_BUGREPORT ""
| #define STDC_HEADERS 1
| #define HAVE_SYS_TYPES_H 1
| #define HAVE_SYS_STAT_H 1
| #define HAVE_STDLIB_H 1
| #define HAVE_STRING_H 1
| #define HAVE_MEMORY_H 1
| #define HAVE_STRINGS_H 1
| #define HAVE_INTTYPES_H 1
| #define HAVE_STDINT_H 1
| #define HAVE_UNISTD_H 1
| #define HAVE_STDLIB_H 1
| #define HAVE_STRING_H 1
| #define HAVE_MATH_H 1
| #define HAVE_LIMITS_H 1
| #define _LARGEFILE_SOURCE 1
| #define _FILE_OFFSET_BITS 64
| #define HAVE_FTRUNCATE 1
| #define HAVE_LONGLONG 1
| #define HAVE_SHMEM_SERVICES 1
| /* end confdefs.h.  */
| #include <sys/fcntl.h>
| 
| int
| main ()
| {
| 
| flock_t filler;
| 
|   ;
|   return 0;
| }
configure:4328: result: "no"
configure:4335: checking "do we have flock_t defined in sys/flock.h"
configure:4361: cc -c -g -O2 -Dg77Fortran -fPIC -fno-common  conftest.c >&5
conftest.c:27:10: fatal error: 'sys/flock.h' file not found
#include <sys/flock.h>
         ^
1 error generated.
configure:4368: $? = 1
configure: failed program was:
| /* confdefs.h.  */
| #define PACKAGE_NAME ""
| #define PACKAGE_TARNAME ""
| #define PACKAGE_VERSION ""
| #define PACKAGE_STRING ""
| #define PACKAGE_BUGREPORT ""
| #define STDC_HEADERS 1
| #define HAVE_SYS_TYPES_H 1
| #define HAVE_SYS_STAT_H 1
| #define HAVE_STDLIB_H 1
| #define HAVE_STRING_H 1
| #define HAVE_MEMORY_H 1
| #define HAVE_STRINGS_H 1
| #define HAVE_INTTYPES_H 1
| #define HAVE_STDINT_H 1
| #define HAVE_UNISTD_H 1
| #define HAVE_STDLIB_H 1
| #define HAVE_STRING_H 1
| #define HAVE_MATH_H 1
| #define HAVE_LIMITS_H 1
| #define _LARGEFILE_SOURCE 1
| #define _FILE_OFFSET_BITS 64
| #define HAVE_FTRUNCATE 1
| #define HAVE_LONGLONG 1
| #define HAVE_SHMEM_SERVICES 1
| /* end confdefs.h.  */
| #include <sys/flock.h>
| 
| int
| main ()
| {
| 
|    flock_t filler;
| 
|   ;
|   return 0;
| }
configure:4385: result: "no"
configure:4397: checking "do we have union semun defined"
configure:4425: cc -c -g -O2 -Dg77Fortran -fPIC -fno-common  conftest.c >&5
configure:4432: $? = 0
configure:4442: result: "yes"
configure:4458: checking for library containing gethostbyname
configure:4499: cc -o conftest -g -O2 -Dg77Fortran -fPIC -fno-common   conftest.c  >&5
configure:4506: $? = 0
configure:4537: result: none required
configure:4547: checking for library containing connect
configure:4588: cc -o conftest -g -O2 -Dg77Fortran -fPIC -fno-common   conftest.c  >&5
configure:4595: $? = 0
configure:4626: result: none required
configure:4787: creating ./config.status

## ---------------------- ##
## Running config.status. ##
## ---------------------- ##

This file was extended by config.status, which was
generated by GNU Autoconf 2.63.  Invocation command line was

  CONFIG_FILES    = 
  CONFIG_HEADERS  = 
  CONFIG_LINKS    = 
  CONFIG_COMMANDS = 
  $ ./config.status 

on cognac.local

config.status:657: creating Makefile
configure:5899: creating ./config.status

## ---------------------- ##
## Running config.status. ##
## ---------------------- ##

This file was extended by config.status, which was
generated by GNU Autoconf 2.63.  Invocation command line was

  CONFIG_FILES    = 
  CONFIG_HEADERS  = 
  CONFIG_LINKS    = 
  CONFIG_COMMANDS = 
  $ ./config.status 

on cognac.local

config.status:658: creating Makefile
config.status:658: creating cfitsio.pc
configure:6874: result: 
configure:6876: result:     Congratulations, Makefile update was successful.
configure:6878: result:     You may want to run "make" now.
configure:6880: result: 

## ---------------- ##
## Cache variables. ##
## ---------------- ##

ac_cv_c_compiler_gnu=yes
ac_cv_env_CC_set=
ac_cv_env_CC_value=
ac_cv_env_CFLAGS_set=
ac_cv_env_CFLAGS_value=
ac_cv_env_CPPFLAGS_set=
ac_cv_env_CPPFLAGS_value=
ac_cv_env_CPP_set=
ac_cv_env_CPP_value=
ac_cv_env_LDFLAGS_set=
ac_cv_env_LDFLAGS_value=
ac_cv_env_LIBS_set=
ac_cv_env_LIBS_value=
ac_cv_env_build_alias_set=
ac_cv_env_build_alias_value=
ac_cv_env_host_alias_set=
ac_cv_env_host_alias_value=
ac_cv_env_target_alias_set=
ac_cv_env_target_alias_value=
ac_cv_header_inttypes_h=yes
ac_cv_header_limits_h=yes
ac_cv_header_math_h=yes
ac_cv_header_memory_h=yes
ac_cv_header_stdc=yes
ac_cv_header_stdint_h=yes
ac_cv_header_stdlib_h=yes
ac_cv_header_string_h=yes
ac_cv_header_strings_h=yes
ac_cv_header_sys_stat_h=yes
ac_cv_header_sys_types_h=yes
ac_cv_header_unistd_h=yes
ac_cv_objext=o
ac_cv_path_EGREP='/usr/bin/grep -E'
ac_cv_path_GREP=/usr/bin/grep
ac_cv_prog_CC=cc
ac_cv_prog_CPP='cc -E'
ac_cv_prog_FC=gfortran
ac_cv_prog_ac_ct_RANLIB=ranlib
ac_cv_prog_cc_c89=
ac_cv_prog_cc_g=yes
ac_cv_prog_uname_found=1
ac_cv_search_connect='none required'
ac_cv_search_gethostbyname='none required'

## ----------------- ##
## Output variables. ##
## ----------------- ##

ARCH='i386'
CC='cc'
CFLAGS='-g -O2 -Dg77Fortran -fPIC -fno-common'
CPP='cc -E'
CPPFLAGS=''
DEFS='-DPACKAGE_NAME=\"\" -DPACKAGE_TARNAME=\"\" -DPACKAGE_VERSION=\"\" -DPACKAGE_STRING=\"\" -DPACKAGE_BUGREPORT=\"\" -DSTDC_HEADERS=1 -DHAVE_SYS_TYPES_H=1 -DHAVE_SYS_STAT_H=1 -DHAVE_STDLIB_H=1 -DHAVE_STRING_H=1 -DHAVE_MEMORY_H=1 -DHAVE_STRINGS_H=1 -DHAVE_INTTYPES_H=1 -DHAVE_STDINT_H=1 -DHAVE_UNISTD_H=1 -DHAVE_STDLIB_H=1 -DHAVE_STRING_H=1 -DHAVE_MATH_H=1 -DHAVE_LIMITS_H=1 -D_LARGEFILE_SOURCE=1 -D_FILE_OFFSET_BITS=64 -DHAVE_FTRUNCATE=1 -DHAVE_LONGLONG=1 -DHAVE_SHMEM_SERVICES=1 -DHAVE_UNION_SEMUN=1 -DHAVE_NET_SERVICES=1'
ECHO_C='\c'
ECHO_N=''
ECHO_T=''
EGREP='/usr/bin/grep -E'
EXEEXT=''
F77_WRAPPERS='${FITSIO_SRC}'
FC='gfortran'
GCCVERSION='4.2.1'
GREP='/usr/bin/grep'
INSTALL_ROOT='${prefix}'
LDFLAGS=''
LIBOBJS=''
LIBPRE=''
LIBS=''
LTLIBOBJS=''
OBJEXT='o'
PACKAGE_BUGREPORT=''
PACKAGE_NAME=''
PACKAGE_STRING=''
PACKAGE_TARNAME=''
PACKAGE_VERSION=''
PATH_SEPARATOR=':'
RANLIB='ranlib'
SHELL='/bin/sh'
SHLIB_LD='cc -dynamiclib'
SHLIB_SUFFIX='.dylib'
ac_ct_CC=''
bindir='${exec_prefix}/bin'
build_alias=''
datadir='${datarootdir}'
datarootdir='${prefix}/share'
docdir='${datarootdir}/doc/${PACKAGE}'
dvidir='${docdir}'
exec_prefix='${prefix}'
host_alias=''
htmldir='${docdir}'
includedir='${prefix}/include'
infodir='${datarootdir}/info'
libdir='${exec_prefix}/lib'
libexecdir='${exec_prefix}/libexec'
localedir='${datarootdir}/locale'
localstatedir='${prefix}/var'
mandir='${datarootdir}/man'
my_shmem='${SOURCES_SHMEM}'
oldincludedir='/usr/include'
pdfdir='${docdir}'
prefix='/Users/leborgne/central/astro/models/pegase/PEGASE-HR/cfitsio'
program_transform_name='s,x,x,'
psdir='${docdir}'
sbindir='${exec_prefix}/sbin'
sharedstatedir='${prefix}/com'
sysconfdir='${prefix}/etc'
target_alias=''
uname_found='1'

## ----------- ##
## confdefs.h. ##
## ----------- ##

#define PACKAGE_NAME ""
#define PACKAGE_TARNAME ""
#define PACKAGE_VERSION ""
#define PACKAGE_STRING ""
#define PACKAGE_BUGREPORT ""
#define STDC_HEADERS 1
#define HAVE_SYS_TYPES_H 1
#define HAVE_SYS_STAT_H 1
#define HAVE_STDLIB_H 1
#define HAVE_STRING_H 1
#define HAVE_MEMORY_H 1
#define HAVE_STRINGS_H 1
#define HAVE_INTTYPES_H 1
#define HAVE_STDINT_H 1
#define HAVE_UNISTD_H 1
#define HAVE_STDLIB_H 1
#define HAVE_STRING_H 1
#define HAVE_MATH_H 1
#define HAVE_LIMITS_H 1
#define _LARGEFILE_SOURCE 1
#define _FILE_OFFSET_BITS 64
#define HAVE_FTRUNCATE 1
#define HAVE_LONGLONG 1
#define HAVE_SHMEM_SERVICES 1
#define HAVE_UNION_SEMUN 1
#define HAVE_NET_SERVICES 1

configure: exit 0
